2020-06-12T03:50:56+00:00 CRITICAL syntax error, unexpected 'print_r' (T_STRING) in D:\xampp\htdocs\shop\wp-content\themes\dailyShop\functions.php on line 251

2020-06-12T03:50:56+00:00 CRITICAL syntax error, unexpected 'print_r' (T_STRING) in D:\xampp\htdocs\shop\wp-content\themes\dailyShop\functions.php on line 251

2020-06-12T03:50:56+00:00 CRITICAL syntax error, unexpected 'print_r' (T_STRING) in D:\xampp\htdocs\shop\wp-content\themes\dailyShop\functions.php on line 251

2020-06-12T03:50:56+00:00 CRITICAL syntax error, unexpected 'print_r' (T_STRING) in D:\xampp\htdocs\shop\wp-content\themes\dailyShop\functions.php on line 251

2020-06-12T03:50:58+00:00 CRITICAL syntax error, unexpected 'print_r' (T_STRING) in D:\xampp\htdocs\shop\wp-content\themes\dailyShop\functions.php on line 251

2020-06-12T03:51:11+00:00 CRITICAL Uncaught Error: Call to a member function get_id() on null in D:\xampp\htdocs\shop\wp-content\themes\dailyShop\functions.php:250
Stack trace:
#0 D:\xampp\htdocs\shop\wp-includes\class-wp-hook.php(287): wc_mini_cart_ajax_refresh(Array)
#1 D:\xampp\htdocs\shop\wp-includes\plugin.php(206): WP_Hook->apply_filters(Array, Array)
#2 D:\xampp\htdocs\shop\wp-content\plugins\woocommerce\includes\class-wc-ajax.php(194): apply_filters('woocommerce_add...', Array)
#3 D:\xampp\htdocs\shop\wp-includes\class-wp-hook.php(287): WC_AJAX::get_refreshed_fragments('')
#4 D:\xampp\htdocs\shop\wp-includes\class-wp-hook.php(311): WP_Hook->apply_filters('', Array)
#5 D:\xampp\htdocs\shop\wp-includes\plugin.php(478): WP_Hook->do_action(Array)
#6 D:\xampp\htdocs\shop\wp-content\plugins\woocommerce\includes\class-wc-ajax.php(89): do_action('wc_ajax_get_ref...')
#7 D:\xampp\htdocs\shop\wp-includes\class-wp-hook.php(287): WC_AJAX::do_wc_ajax('')
#8 D:\xampp\htdocs\shop\wp-includes\class-wp-hook.php(311): WP_Hook->apply_filters(false, Array in D:\xampp\htdocs\shop\wp-content\themes\dailyShop\functions.php on line 250

2020-06-12T04:02:25+00:00 CRITICAL Uncaught Error: Call to a member function get_id() on null in D:\xampp\htdocs\shop\wp-content\themes\dailyShop\functions.php:250
Stack trace:
#0 D:\xampp\htdocs\shop\wp-includes\class-wp-hook.php(287): wc_mini_cart_ajax_refresh(Array)
#1 D:\xampp\htdocs\shop\wp-includes\plugin.php(206): WP_Hook->apply_filters(Array, Array)
#2 D:\xampp\htdocs\shop\wp-content\plugins\woocommerce\includes\class-wc-ajax.php(194): apply_filters('woocommerce_add...', Array)
#3 D:\xampp\htdocs\shop\wp-includes\class-wp-hook.php(287): WC_AJAX::get_refreshed_fragments('')
#4 D:\xampp\htdocs\shop\wp-includes\class-wp-hook.php(311): WP_Hook->apply_filters('', Array)
#5 D:\xampp\htdocs\shop\wp-includes\plugin.php(478): WP_Hook->do_action(Array)
#6 D:\xampp\htdocs\shop\wp-content\plugins\woocommerce\includes\class-wc-ajax.php(89): do_action('wc_ajax_get_ref...')
#7 D:\xampp\htdocs\shop\wp-includes\class-wp-hook.php(287): WC_AJAX::do_wc_ajax('')
#8 D:\xampp\htdocs\shop\wp-includes\class-wp-hook.php(311): WP_Hook->apply_filters(false, Array in D:\xampp\htdocs\shop\wp-content\themes\dailyShop\functions.php on line 250

